<?xml version="1.0" encoding="UTF-8"?>
<!-- Generated by org.testng.reporters.JUnitReportReporter -->
<testsuite hostname="Vipins-MacBook-Air.local" failures="0" tests="1" name="cicdtestingqaautomation.BrowserOpen" time="58.651" errors="0" timestamp="2024-07-14T01:53:47 IST" skipped="0">
  <testcase classname="cicdtestingqaautomation.BrowserOpen" name="openbro" time="58.651"/>
</testsuite> <!-- cicdtestingqaautomation.BrowserOpen -->
