<?xml version="1.0" encoding="UTF-8"?>
<!-- Generated by org.testng.reporters.JUnitReportReporter -->
<testsuite hostname="Vipins-MacBook-Air.local" failures="0" tests="1" name="cicdtestingqaautomation.BrowserOpen" time="17.915" errors="0" timestamp="2024-07-09T13:04:41 IST" skipped="0">
  <testcase classname="cicdtestingqaautomation.BrowserOpen" name="openbro" time="17.915"/>
</testsuite> <!-- cicdtestingqaautomation.BrowserOpen -->
