<?xml version="1.0" encoding="UTF-8"?>
<!-- Generated by org.testng.reporters.JUnitReportReporter -->
<testsuite hostname="Vipins-MacBook-Air.local" failures="0" tests="1" name="cicdtestingqaautomation.BrowserOpen" time="18.403" errors="0" timestamp="2024-07-14T02:08:11 IST" skipped="0">
  <testcase classname="cicdtestingqaautomation.BrowserOpen" name="openbro" time="18.403"/>
</testsuite> <!-- cicdtestingqaautomation.BrowserOpen -->
